[2025-06-16 10:27:13,489] [    test.development] [[91mERROR   [0m] development ç¯å¢ƒé”™è¯¯ä¿¡æ¯ | PID:37639 | Thread:8414234688
[2025-06-16 10:27:13,489] [test.testing] [ERROR] testing ç¯å¢ƒé”™è¯¯ä¿¡æ¯ | PID:37639 | Thread:8414234688
2025-06-16 10:27:13,490 [37639] [test.production:477] [ERROR] production ç¯å¢ƒé”™è¯¯ä¿¡æ¯ | PID:37639 | Thread:8414234688
